#
# There is insufficient memory for the Java Runtime Environment to continue.
# Native memory allocation (mmap) failed to map 134217728 bytes for Failed to commit area from 0x0000000081c00000 to 0x0000000089c00000 of length 134217728.
# Possible reasons:
#   The system is out of physical RAM or swap space
#   The process is running with CompressedOops enabled, and the Java Heap may be blocking the growth of the native heap
# Possible solutions:
#   Reduce memory load on the system
#   Increase physical memory or swap space
#   Check if swap backing store is full
#   Decrease Java heap size (-Xmx/-Xms)
#   Decrease number of Java threads
#   Decrease Java thread stack sizes (-Xss)
#   Set larger code cache with -XX:ReservedCodeCacheSize=
# This output file may be truncated or incomplete.
#
#  Out of Memory Error (src/hotspot/os/windows/os_windows.cpp:3627), pid=10216, tid=16796
#
# JRE version:  (11.0.15) (build )
# Java VM: OpenJDK 64-Bit Server VM (11.0.15+0-b2043.56-9505619, mixed mode, sharing, tiered, compressed oops, g1 gc, windows-amd64)
# No core dump will be written. Minidumps are not enabled by default on client versions of Windows
#

---------------  S U M M A R Y ------------

Command Line: git4idea.http.GitAskPassApp Username for 'https://github.com': 

Host: Intel(R) Core(TM) i5-7300U CPU @ 2.60GHz, 4 cores, 7G,  Windows 10 , 64 bit Build 19041 (10.0.19041.3031)
Time: Fri Jun 30 17:22:50 2023 ora legale Europa occidentale elapsed time: 0.043666 seconds (0d 0h 0m 0s)

---------------  T H R E A D  ---------------

Current thread (0x000001ff855d2000):  JavaThread "Unknown thread" [_thread_in_vm, id=16796, stack(0x0000002cb6b00000,0x0000002cb6c00000)]

Stack: [0x0000002cb6b00000,0x0000002cb6c00000]
Native frames: (J=compiled Java code, j=interpreted, Vv=VM code, C=native code)
V  [jvm.dll+0x64135a]
V  [jvm.dll+0x7d39f9]
V  [jvm.dll+0x7d51b9]
V  [jvm.dll+0x7d58a3]
V  [jvm.dll+0x2691c5]
V  [jvm.dll+0x63e4e9]
V  [jvm.dll+0x632985]
V  [jvm.dll+0x3231ac]
V  [jvm.dll+0x323032]
V  [jvm.dll+0x327c06]
V  [jvm.dll+0x36ffa2]
V  [jvm.dll+0x36fa01]
V  [jvm.dll+0x2fea28]
V  [jvm.dll+0x2ffb25]
V  [jvm.dll+0x7accd7]
V  [jvm.dll+0x7ae49f]
V  [jvm.dll+0x37d299]
V  [jvm.dll+0x78ef9f]
V  [jvm.dll+0x3ec847]
V  [jvm.dll+0x3eed31]
C  [jli.dll+0x52cb]
C  [ucrtbase.dll+0x21bb2]
C  [KERNEL32.DLL+0x17614]
C  [ntdll.dll+0x526f1]


---------------  P R O C E S S  ---------------

Threads class SMR info:
_java_thread_list=0x000001ff83482400, length=0, elements={
}

Java Threads: ( => current thread )

Other Threads:
  0x000001ff855ea800 GCTaskThread "GC Thread#0" [stack: 0x0000002cb6c00000,0x0000002cb6d00000] [id=10716]
  0x000001ff8561a000 ConcurrentGCThread "G1 Main Marker" [stack: 0x0000002cb6d00000,0x0000002cb6e00000] [id=14792]
  0x000001ff8561c800 ConcurrentGCThread "G1 Conc#0" [stack: 0x0000002cb6e00000,0x0000002cb6f00000] [id=11632]

[error occurred during error reporting (printing all threads), id 0xc0000005, EXCEPTION_ACCESS_VIOLATION (0xc0000005) at pc=0x00007ffb4bd9f3e7]

VM state:not at safepoint (not fully initialized)

VM Mutex/Monitor currently owned by a thread:  ([mutex/lock_event])
[0x000001ff855cef20] Heap_lock - owner thread: 0x000001ff855d2000

Heap address: 0x0000000081c00000, size: 2020 MB, Compressed Oops mode: Non-zero based: 0x0000000081c00000
Narrow klass base: 0x0000000000000000, Narrow klass shift: 0

GC Heap History (0 events):
No events

Deoptimization events (0 events):
No events

Classes redefined (0 events):
No events

Internal exceptions (0 events):
No events

Events (1 events):
Event: 0.020 Loaded shared library C:\Program Files\Android\Android Studio\jbr\bin\zip.dll


Dynamic libraries:
0x00007ff6639d0000 - 0x00007ff6639da000 	C:\Program Files\Android\Android Studio\jbr\bin\java.exe
0x00007ffbcd310000 - 0x00007ffbcd508000 	C:\Windows\SYSTEM32\ntdll.dll
0x00007ffbccc30000 - 0x00007ffbcccef000 	C:\Windows\System32\KERNEL32.DLL
0x00007ffbcaed0000 - 0x00007ffbcb1c6000 	C:\Windows\System32\KERNELBASE.dll
0x00007ffbca9f0000 - 0x00007ffbcaaf0000 	C:\Windows\System32\ucrtbase.dll
0x00007ffbafbe0000 - 0x00007ffbafbf7000 	C:\Program Files\Android\Android Studio\jbr\bin\jli.dll
0x00007ffba6f60000 - 0x00007ffba6f7b000 	C:\Program Files\Android\Android Studio\jbr\bin\VCRUNTIME140.dll
0x00007ffbcca90000 - 0x00007ffbccc2d000 	C:\Windows\System32\USER32.dll
0x00007ffbcb220000 - 0x00007ffbcb242000 	C:\Windows\System32\win32u.dll
0x00007ffbcb410000 - 0x00007ffbcb43c000 	C:\Windows\System32\GDI32.dll
0x00007ffbcaaf0000 - 0x00007ffbcac05000 	C:\Windows\System32\gdi32full.dll
0x00007ffbcae30000 - 0x00007ffbcaecd000 	C:\Windows\System32\msvcp_win.dll
0x00007ffbb6e20000 - 0x00007ffbb70ba000 	C:\Windows\WinSxS\amd64_microsoft.windows.common-controls_6595b64144ccf1df_6.0.19041.1110_none_60b5254171f9507e\COMCTL32.dll
0x00007ffbcb370000 - 0x00007ffbcb40e000 	C:\Windows\System32\msvcrt.dll
0x00007ffbcba20000 - 0x00007ffbcba50000 	C:\Windows\System32\IMM32.DLL
0x00007ffbc5fd0000 - 0x00007ffbc5fdc000 	C:\Program Files\Android\Android Studio\jbr\bin\vcruntime140_1.dll
0x00007ffb97f00000 - 0x00007ffb97f8d000 	C:\Program Files\Android\Android Studio\jbr\bin\msvcp140.dll
0x00007ffb4ba90000 - 0x00007ffb4c64c000 	C:\Program Files\Android\Android Studio\jbr\bin\server\jvm.dll
0x00007ffbcb440000 - 0x00007ffbcb4ef000 	C:\Windows\System32\ADVAPI32.dll
0x00007ffbcd220000 - 0x00007ffbcd2bc000 	C:\Windows\System32\sechost.dll
0x00007ffbcb860000 - 0x00007ffbcb986000 	C:\Windows\System32\RPCRT4.dll
0x00007ffbcb6f0000 - 0x00007ffbcb6f8000 	C:\Windows\System32\PSAPI.DLL
0x00007ffbb3aa0000 - 0x00007ffbb3aa9000 	C:\Windows\SYSTEM32\WSOCK32.dll
0x00007ffbb43a0000 - 0x00007ffbb43c7000 	C:\Windows\SYSTEM32\WINMM.dll
0x00007ffbcb760000 - 0x00007ffbcb7cb000 	C:\Windows\System32\WS2_32.dll
0x00007ffbc13a0000 - 0x00007ffbc13aa000 	C:\Windows\SYSTEM32\VERSION.dll
0x00007ffbc9230000 - 0x00007ffbc9242000 	C:\Windows\SYSTEM32\kernel.appcore.dll
0x00007ffbc3cc0000 - 0x00007ffbc3cd0000 	C:\Program Files\Android\Android Studio\jbr\bin\verify.dll
0x00007ffbc62e0000 - 0x00007ffbc64c4000 	C:\Windows\SYSTEM32\DBGHELP.DLL
0x00007ffbb2a20000 - 0x00007ffbb2a54000 	C:\Windows\SYSTEM32\dbgcore.DLL
0x00007ffbcad70000 - 0x00007ffbcadf2000 	C:\Windows\System32\bcryptPrimitives.dll
0x00007ffba6df0000 - 0x00007ffba6e18000 	C:\Program Files\Android\Android Studio\jbr\bin\java.dll
0x00007ffbb5090000 - 0x00007ffbb509a000 	C:\Program Files\Android\Android Studio\jbr\bin\jimage.dll
0x00007ffbb2980000 - 0x00007ffbb2998000 	C:\Program Files\Android\Android Studio\jbr\bin\zip.dll

dbghelp: loaded successfully - version: 4.0.5 - missing functions: none
symbol engine: initialized successfully - sym options: 0x614 - pdb path: .;C:\Program Files\Android\Android Studio\jbr\bin;C:\Windows\SYSTEM32;C:\Windows\WinSxS\amd64_microsoft.windows.common-controls_6595b64144ccf1df_6.0.19041.1110_none_60b5254171f9507e;C:\Program Files\Android\Android Studio\jbr\bin\server

VM Arguments:
java_command: git4idea.http.GitAskPassApp Username for 'https://github.com': 
java_class_path (initial): C:/Program Files/Android/Android Studio/plugins/git4idea/lib/git4idea-rt.jar;C:/Program Files/Android/Android Studio/lib/externalProcess-rt.jar;C:/Program Files/Android/Android Studio/lib/app.jar;C:/Program Files/Android/Android Studio/lib/3rd-party-rt.jar
Launcher Type: SUN_STANDARD

[Global flags]
     intx CICompilerCount                          = 3                                         {product} {ergonomic}
     uint ConcGCThreads                            = 1                                         {product} {ergonomic}
     uint G1ConcRefinementThreads                  = 4                                         {product} {ergonomic}
   size_t G1HeapRegionSize                         = 1048576                                   {product} {ergonomic}
    uintx GCDrainStackTargetSize                   = 64                                        {product} {ergonomic}
   size_t InitialHeapSize                          = 134217728                                 {product} {ergonomic}
   size_t MarkStackSize                            = 4194304                                   {product} {ergonomic}
   size_t MaxHeapSize                              = 2118123520                                {product} {ergonomic}
   size_t MinHeapDeltaBytes                        = 1048576                                   {product} {ergonomic}
    uintx NonNMethodCodeHeapSize                   = 5830732                                {pd product} {ergonomic}
    uintx NonProfiledCodeHeapSize                  = 122913754                              {pd product} {ergonomic}
    uintx ProfiledCodeHeapSize                     = 122913754                              {pd product} {ergonomic}
    uintx ReservedCodeCacheSize                    = 251658240                              {pd product} {ergonomic}
     bool SegmentedCodeCache                       = true                                      {product} {ergonomic}
     bool UseCompressedClassPointers               = true                                 {lp64_product} {ergonomic}
     bool UseCompressedOops                        = true                                 {lp64_product} {ergonomic}
     bool UseG1GC                                  = true                                      {product} {ergonomic}
     bool UseLargePagesIndividualAllocation        = false                                  {pd product} {ergonomic}

Logging:
Log output configuration:
 #0: stdout all=warning uptime,level,tags
 #1: stderr all=off uptime,level,tags

Environment Variables:
JAVA_HOME=C:\Program Files\AdoptOpenJDK\jre-8.0.282.8-hotspot\
PATH=C:\Program Files\Git\mingw64\libexec\git-core;C:\Program Files\Git\mingw64\libexec\git-core;C:\Program Files\Git\mingw64\bin;C:\Program Files\Git\usr\bin;C:\Users\User\bin;C:\Program Files\Common Files\Oracle\Java\javapath;C:\Program Files\AdoptOpenJDK\jre-8.0.282.8-hotspot\bin;C:\Program Files\AdoptOpenJDK\jre-11.0.10.9-hotspot\bin;C:\Program Files (x86)\AdoptOpenJDK\jre-8.0.282.8-hotspot\bin;C:\Windows\system32;C:\Windows;C:\Windows\System32\Wbem;C:\Windows\System32\WindowsPowerShell\v1.0;C:\Windows\System32\OpenSSH;C:\Program Files\dotnet;C:\Program Files\Git\cmd;C:\HashiCorp\Vagrant\bin;C:\Users\User\AppData\Local\Microsoft\WindowsApps;C:\ProgramData\User\atom\bin;C:\Users\User\AppData\Local\atom\bin;C:\Program Files\JetBrains\IntelliJ IDEA Community Edition 2022.3\bin;C:\Users\User\AppData\Local\GitHubDesktop\bin
USERNAME=User
DISPLAY=:0.0
LC_ALL=en_US.UTF-8
OS=Windows_NT
PROCESSOR_IDENTIFIER=Intel64 Family 6 Model 142 Stepping 9, GenuineIntel



---------------  S Y S T E M  ---------------

OS: Windows 10 , 64 bit Build 19041 (10.0.19041.3031)
OS uptime: 3 days 0:18 hours

CPU:total 4 (initial active 4) (2 cores per cpu, 2 threads per core) family 6 model 142 stepping 9 microcode 0xd6, cmov, cx8, fxsr, mmx, sse, sse2, sse3, ssse3, sse4.1, sse4.2, popcnt, avx, avx2, aes, clmul, erms, rtm, 3dnowpref, lzcnt, ht, tsc, tscinvbit, bmi1, bmi2, adx, fma

Memory: 4k page, system-wide physical 8072M (349M free)
TotalPageFile size 25886M (AvailPageFile size 16M)
current process WorkingSet (physical memory assigned to process): 10M, peak: 10M
current process commit charge ("private bytes"): 51M, peak: 179M

vm_info: OpenJDK 64-Bit Server VM (11.0.15+0-b2043.56-9505619) for windows-amd64 JRE (11.0.15+0-b2043.56-9505619), built on Jan 19 2023 02:48:00 by "builduser" with unknown MS VC++:1929

END.
